<?xml version="1.0" encoding="UTF-8"?>
<!-- Generated by org.testng.reporters.JUnitXMLReporter -->
<testsuite hostname="DESKTOP-NPGNVUT" ignored="0" name="Test" tests="1" failures="0" timestamp="2022-02-11T12:30:56 EST" time="2.33" errors="0">
  <testcase name="@BeforeMethod openBrowser" time="2.29" classname="seleniumTestNG.TestNG_Assignment_DeleteAcc">
    <failure type="org.openqa.selenium.SessionNotCreatedException" message="session not created: This version of ChromeDriver only supports Chrome version 83
Build info: version: &amp;apos;3.141.59&amp;apos;, revision: &amp;apos;e82be7d358&amp;apos;, time: &amp;apos;2018-11-14T08:25:53&amp;apos;
System info: host: &amp;apos;DESKTOP-NPGNVUT&amp;apos;, ip: &amp;apos;10.0.0.158&amp;apos;, os.name: &amp;apos;Windows 10&amp;apos;, os.arch: &amp;apos;amd64&amp;apos;, os.version: &amp;apos;10.0&amp;apos;, java.version: &amp;apos;1.8.0_241&amp;apos;
Driver info: driver.version: ChromeDriver
remote stacktrace: Backtrace:
	Ordinal0 [0x003E9563+2725219]
	Ordinal0 [0x002E8551+1672529]
	Ordinal0 [0x001D0359+525145]
	Ordinal0 [0x00160B77+68471]
	Ordinal0 [0x0015D32C+54060]
	Ordinal0 [0x0017CC37+183351]
	Ordinal0 [0x0017CA3D+182845]
	Ordinal0 [0x0017A94B+174411]
	Ordinal0 [0x00162528+75048]
	Ordinal0 [0x001635A0+79264]
	Ordinal0 [0x00163539+79161]
	Ordinal0 [0x002FD607+1758727]
	GetHandleVerifier [0x00506546+1050150]
	GetHandleVerifier [0x00506291+1049457]
	GetHandleVerifier [0x005110D7+1094071]
	GetHandleVerifier [0x00506B46+1051686]
	Ordinal0 [0x002F5B06+1727238]
	Ordinal0 [0x002FEB7B+1764219]
	Ordinal0 [0x002FECE3+1764579]
	Ordinal0 [0x00314C05+1854469]
	BaseThreadInitThunk [0x75796739+25]
	RtlGetFullPathName_UEx [0x76F68E7F+1215]
	RtlGetFullPathName_UEx [0x76F68E4D+1165]
">
      <![CDATA[org.openqa.selenium.SessionNotCreatedException: session not created: This version of ChromeDriver only supports Chrome version 83
Build info: version: '3.141.59', revision: 'e82be7d358', time: '2018-11-14T08:25:53'
System info: host: 'DESKTOP-NPGNVUT', ip: '10.0.0.158', os.name: 'Windows 10', os.arch: 'amd64', os.version: '10.0', java.version: '1.8.0_241'
Driver info: driver.version: ChromeDriver
remote stacktrace: Backtrace:
Ordinal0 [0x003E9563+2725219]
Ordinal0 [0x002E8551+1672529]
Ordinal0 [0x001D0359+525145]
Ordinal0 [0x00160B77+68471]
Ordinal0 [0x0015D32C+54060]
Ordinal0 [0x0017CC37+183351]
Ordinal0 [0x0017CA3D+182845]
Ordinal0 [0x0017A94B+174411]
Ordinal0 [0x00162528+75048]
Ordinal0 [0x001635A0+79264]
Ordinal0 [0x00163539+79161]
Ordinal0 [0x002FD607+1758727]
GetHandleVerifier [0x00506546+1050150]
GetHandleVerifier [0x00506291+1049457]
GetHandleVerifier [0x005110D7+1094071]
GetHandleVerifier [0x00506B46+1051686]
Ordinal0 [0x002F5B06+1727238]
Ordinal0 [0x002FEB7B+1764219]
Ordinal0 [0x002FECE3+1764579]
Ordinal0 [0x00314C05+1854469]
BaseThreadInitThunk [0x75796739+25]
RtlGetFullPathName_UEx [0x76F68E7F+1215]
RtlGetFullPathName_UEx [0x76F68E4D+1165]

at org.openqa.selenium.remote.W3CHandshakeResponse.lambda$errorHandler$0(W3CHandshakeResponse.java:62)
at org.openqa.selenium.remote.HandshakeResponse.lambda$getResponseFunction$0(HandshakeResponse.java:30)
at org.openqa.selenium.remote.ProtocolHandshake.lambda$createSession$0(ProtocolHandshake.java:126)
at java.util.stream.ReferencePipeline$3$1.accept(ReferencePipeline.java:193)
at java.util.Spliterators$ArraySpliterator.tryAdvance(Spliterators.java:958)
at java.util.stream.ReferencePipeline.forEachWithCancel(ReferencePipeline.java:126)
at java.util.stream.AbstractPipeline.copyIntoWithCancel(AbstractPipeline.java:499)
at java.util.stream.AbstractPipeline.copyInto(AbstractPipeline.java:486)
at java.util.stream.AbstractPipeline.wrapAndCopyInto(AbstractPipeline.java:472)
at java.util.stream.FindOps$FindOp.evaluateSequential(FindOps.java:152)
at java.util.stream.AbstractPipeline.evaluate(AbstractPipeline.java:234)
at java.util.stream.ReferencePipeline.findFirst(ReferencePipeline.java:464)
at org.openqa.selenium.remote.ProtocolHandshake.createSession(ProtocolHandshake.java:128)
at org.openqa.selenium.remote.ProtocolHandshake.createSession(ProtocolHandshake.java:74)
at org.openqa.selenium.remote.HttpCommandExecutor.execute(HttpCommandExecutor.java:136)
at org.openqa.selenium.remote.service.DriverCommandExecutor.execute(DriverCommandExecutor.java:83)
at org.openqa.selenium.remote.RemoteWebDriver.execute(RemoteWebDriver.java:552)
at org.openqa.selenium.remote.RemoteWebDriver.startSession(RemoteWebDriver.java:213)
at org.openqa.selenium.remote.RemoteWebDriver.<init>(RemoteWebDriver.java:131)
at org.openqa.selenium.chrome.ChromeDriver.<init>(ChromeDriver.java:181)
at org.openqa.selenium.chrome.ChromeDriver.<init>(ChromeDriver.java:168)
at org.openqa.selenium.chrome.ChromeDriver.<init>(ChromeDriver.java:123)
at seleniumTestNG.TestNG_Assignment_DeleteAcc.openBrowser(TestNG_Assignment_DeleteAcc.java:23)
at java.util.ArrayList.forEach(ArrayList.java:1257)
... Removed 35 stack frames]]>
    </failure>
  </testcase> <!-- @BeforeMethod openBrowser -->
  <testcase name="@AfterMethod closeBrowser" time="-1.644600656827E9" classname="seleniumTestNG.TestNG_Assignment_DeleteAcc">
    <skipped/>
  </testcase> <!-- @AfterMethod closeBrowser -->
  <testcase name="account" time="0.0" classname="seleniumTestNG.TestNG_Assignment_DeleteAcc">
    <skipped/>
  </testcase> <!-- account -->
</testsuite> <!-- Test -->
