<?xml version="1.0" encoding="UTF-8"?>
<testng-results skipped="1" failed="0" ignored="0" total="1" passed="0">
  <reporter-output>
  </reporter-output>
  <suite name="Suite" duration-ms="2330" started-at="2022-02-11T12:30:54 EST" finished-at="2022-02-11T12:30:56 EST">
    <groups>
    </groups>
    <test name="Test" duration-ms="2330" started-at="2022-02-11T12:30:54 EST" finished-at="2022-02-11T12:30:56 EST">
      <class name="seleniumTestNG.TestNG_Assignment_DeleteAcc">
        <test-method status="FAIL" signature="openBrowser(java.lang.String, java.lang.String, java.lang.String, java.lang.String)[pri:0, instance:seleniumTestNG.TestNG_Assignment_DeleteAcc@610694f1]" name="openBrowser" is-config="true" duration-ms="2290" started-at="2022-02-11T12:30:54 EST" finished-at="2022-02-11T12:30:56 EST">
          <params>
            <param index="0">
              <value>
                <![CDATA[chrome]]>
              </value>
            </param>
            <param index="1">
              <value>
                <![CDATA[https://login.salesforce.com/]]>
              </value>
            </param>
            <param index="2">
              <value>
                <![CDATA[batch03@codegator.us.qa]]>
              </value>
            </param>
            <param index="3">
              <value>
                <![CDATA[Pa55word]]>
              </value>
            </param>
          </params>
          <exception class="org.openqa.selenium.SessionNotCreatedException">
            <message>
              <![CDATA[session not created: This version of ChromeDriver only supports Chrome version 83
Build info: version: '3.141.59', revision: 'e82be7d358', time: '2018-11-14T08:25:53'
System info: host: 'DESKTOP-NPGNVUT', ip: '10.0.0.158', os.name: 'Windows 10', os.arch: 'amd64', os.version: '10.0', java.version: '1.8.0_241'
Driver info: driver.version: ChromeDriver
remote stacktrace: Backtrace:
Ordinal0 [0x003E9563+2725219]
Ordinal0 [0x002E8551+1672529]
Ordinal0 [0x001D0359+525145]
Ordinal0 [0x00160B77+68471]
Ordinal0 [0x0015D32C+54060]
Ordinal0 [0x0017CC37+183351]
Ordinal0 [0x0017CA3D+182845]
Ordinal0 [0x0017A94B+174411]
Ordinal0 [0x00162528+75048]
Ordinal0 [0x001635A0+79264]
Ordinal0 [0x00163539+79161]
Ordinal0 [0x002FD607+1758727]
GetHandleVerifier [0x00506546+1050150]
GetHandleVerifier [0x00506291+1049457]
GetHandleVerifier [0x005110D7+1094071]
GetHandleVerifier [0x00506B46+1051686]
Ordinal0 [0x002F5B06+1727238]
Ordinal0 [0x002FEB7B+1764219]
Ordinal0 [0x002FECE3+1764579]
Ordinal0 [0x00314C05+1854469]
BaseThreadInitThunk [0x75796739+25]
RtlGetFullPathName_UEx [0x76F68E7F+1215]
RtlGetFullPathName_UEx [0x76F68E4D+1165]
]]>
            </message>
            <full-stacktrace>
              <![CDATA[org.openqa.selenium.SessionNotCreatedException: session not created: This version of ChromeDriver only supports Chrome version 83
Build info: version: '3.141.59', revision: 'e82be7d358', time: '2018-11-14T08:25:53'
System info: host: 'DESKTOP-NPGNVUT', ip: '10.0.0.158', os.name: 'Windows 10', os.arch: 'amd64', os.version: '10.0', java.version: '1.8.0_241'
Driver info: driver.version: ChromeDriver
remote stacktrace: Backtrace:
Ordinal0 [0x003E9563+2725219]
Ordinal0 [0x002E8551+1672529]
Ordinal0 [0x001D0359+525145]
Ordinal0 [0x00160B77+68471]
Ordinal0 [0x0015D32C+54060]
Ordinal0 [0x0017CC37+183351]
Ordinal0 [0x0017CA3D+182845]
Ordinal0 [0x0017A94B+174411]
Ordinal0 [0x00162528+75048]
Ordinal0 [0x001635A0+79264]
Ordinal0 [0x00163539+79161]
Ordinal0 [0x002FD607+1758727]
GetHandleVerifier [0x00506546+1050150]
GetHandleVerifier [0x00506291+1049457]
GetHandleVerifier [0x005110D7+1094071]
GetHandleVerifier [0x00506B46+1051686]
Ordinal0 [0x002F5B06+1727238]
Ordinal0 [0x002FEB7B+1764219]
Ordinal0 [0x002FECE3+1764579]
Ordinal0 [0x00314C05+1854469]
BaseThreadInitThunk [0x75796739+25]
RtlGetFullPathName_UEx [0x76F68E7F+1215]
RtlGetFullPathName_UEx [0x76F68E4D+1165]

at sun.reflect.NativeConstructorAccessorImpl.newInstance0(Native Method)
at sun.reflect.NativeConstructorAccessorImpl.newInstance(NativeConstructorAccessorImpl.java:62)
at sun.reflect.DelegatingConstructorAccessorImpl.newInstance(DelegatingConstructorAccessorImpl.java:45)
at java.lang.reflect.Constructor.newInstance(Constructor.java:423)
at org.openqa.selenium.remote.W3CHandshakeResponse.lambda$errorHandler$0(W3CHandshakeResponse.java:62)
at org.openqa.selenium.remote.HandshakeResponse.lambda$getResponseFunction$0(HandshakeResponse.java:30)
at org.openqa.selenium.remote.ProtocolHandshake.lambda$createSession$0(ProtocolHandshake.java:126)
at java.util.stream.ReferencePipeline$3$1.accept(ReferencePipeline.java:193)
at java.util.Spliterators$ArraySpliterator.tryAdvance(Spliterators.java:958)
at java.util.stream.ReferencePipeline.forEachWithCancel(ReferencePipeline.java:126)
at java.util.stream.AbstractPipeline.copyIntoWithCancel(AbstractPipeline.java:499)
at java.util.stream.AbstractPipeline.copyInto(AbstractPipeline.java:486)
at java.util.stream.AbstractPipeline.wrapAndCopyInto(AbstractPipeline.java:472)
at java.util.stream.FindOps$FindOp.evaluateSequential(FindOps.java:152)
at java.util.stream.AbstractPipeline.evaluate(AbstractPipeline.java:234)
at java.util.stream.ReferencePipeline.findFirst(ReferencePipeline.java:464)
at org.openqa.selenium.remote.ProtocolHandshake.createSession(ProtocolHandshake.java:128)
at org.openqa.selenium.remote.ProtocolHandshake.createSession(ProtocolHandshake.java:74)
at org.openqa.selenium.remote.HttpCommandExecutor.execute(HttpCommandExecutor.java:136)
at org.openqa.selenium.remote.service.DriverCommandExecutor.execute(DriverCommandExecutor.java:83)
at org.openqa.selenium.remote.RemoteWebDriver.execute(RemoteWebDriver.java:552)
at org.openqa.selenium.remote.RemoteWebDriver.startSession(RemoteWebDriver.java:213)
at org.openqa.selenium.remote.RemoteWebDriver.<init>(RemoteWebDriver.java:131)
at org.openqa.selenium.chrome.ChromeDriver.<init>(ChromeDriver.java:181)
at org.openqa.selenium.chrome.ChromeDriver.<init>(ChromeDriver.java:168)
at org.openqa.selenium.chrome.ChromeDriver.<init>(ChromeDriver.java:123)
at seleniumTestNG.TestNG_Assignment_DeleteAcc.openBrowser(TestNG_Assignment_DeleteAcc.java:23)
at sun.reflect.NativeMethodAccessorImpl.invoke0(Native Method)
at sun.reflect.NativeMethodAccessorImpl.invoke(NativeMethodAccessorImpl.java:62)
at sun.reflect.DelegatingMethodAccessorImpl.invoke(DelegatingMethodAccessorImpl.java:43)
at java.lang.reflect.Method.invoke(Method.java:498)
at org.testng.internal.MethodInvocationHelper.invokeMethod(MethodInvocationHelper.java:135)
at org.testng.internal.MethodInvocationHelper.invokeMethodConsideringTimeout(MethodInvocationHelper.java:64)
at org.testng.internal.ConfigInvoker.invokeConfigurationMethod(ConfigInvoker.java:364)
at org.testng.internal.ConfigInvoker.invokeConfigurations(ConfigInvoker.java:318)
at org.testng.internal.TestInvoker.runConfigMethods(TestInvoker.java:700)
at org.testng.internal.TestInvoker.invokeMethod(TestInvoker.java:527)
at org.testng.internal.TestInvoker.invokeTestMethod(TestInvoker.java:174)
at org.testng.internal.MethodRunner.runInSequence(MethodRunner.java:46)
at org.testng.internal.TestInvoker$MethodInvocationAgent.invoke(TestInvoker.java:821)
at org.testng.internal.TestInvoker.invokeTestMethods(TestInvoker.java:147)
at org.testng.internal.TestMethodWorker.invokeTestMethods(TestMethodWorker.java:146)
at org.testng.internal.TestMethodWorker.run(TestMethodWorker.java:128)
at java.util.ArrayList.forEach(ArrayList.java:1257)
at org.testng.TestRunner.privateRun(TestRunner.java:767)
at org.testng.TestRunner.run(TestRunner.java:588)
at org.testng.SuiteRunner.runTest(SuiteRunner.java:384)
at org.testng.SuiteRunner.runSequentially(SuiteRunner.java:378)
at org.testng.SuiteRunner.privateRun(SuiteRunner.java:337)
at org.testng.SuiteRunner.run(SuiteRunner.java:286)
at org.testng.SuiteRunnerWorker.runSuite(SuiteRunnerWorker.java:53)
at org.testng.SuiteRunnerWorker.run(SuiteRunnerWorker.java:96)
at org.testng.TestNG.runSuitesSequentially(TestNG.java:1214)
at org.testng.TestNG.runSuitesLocally(TestNG.java:1136)
at org.testng.TestNG.runSuites(TestNG.java:1066)
at org.testng.TestNG.run(TestNG.java:1034)
at org.testng.remote.AbstractRemoteTestNG.run(AbstractRemoteTestNG.java:115)
at org.testng.remote.RemoteTestNG.initAndRun(RemoteTestNG.java:251)
at org.testng.remote.RemoteTestNG.main(RemoteTestNG.java:77)
]]>
            </full-stacktrace>
          </exception> <!-- org.openqa.selenium.SessionNotCreatedException -->
          <reporter-output>
          </reporter-output>
        </test-method> <!-- openBrowser -->
        <test-method status="SKIP" signature="account(java.lang.String)[pri:0, instance:seleniumTestNG.TestNG_Assignment_DeleteAcc@610694f1]" name="account" duration-ms="0" started-at="2022-02-11T12:30:56 EST" finished-at="2022-02-11T12:30:56 EST">
          <exception class="org.openqa.selenium.SessionNotCreatedException">
            <message>
              <![CDATA[session not created: This version of ChromeDriver only supports Chrome version 83
Build info: version: '3.141.59', revision: 'e82be7d358', time: '2018-11-14T08:25:53'
System info: host: 'DESKTOP-NPGNVUT', ip: '10.0.0.158', os.name: 'Windows 10', os.arch: 'amd64', os.version: '10.0', java.version: '1.8.0_241'
Driver info: driver.version: ChromeDriver
remote stacktrace: Backtrace:
Ordinal0 [0x003E9563+2725219]
Ordinal0 [0x002E8551+1672529]
Ordinal0 [0x001D0359+525145]
Ordinal0 [0x00160B77+68471]
Ordinal0 [0x0015D32C+54060]
Ordinal0 [0x0017CC37+183351]
Ordinal0 [0x0017CA3D+182845]
Ordinal0 [0x0017A94B+174411]
Ordinal0 [0x00162528+75048]
Ordinal0 [0x001635A0+79264]
Ordinal0 [0x00163539+79161]
Ordinal0 [0x002FD607+1758727]
GetHandleVerifier [0x00506546+1050150]
GetHandleVerifier [0x00506291+1049457]
GetHandleVerifier [0x005110D7+1094071]
GetHandleVerifier [0x00506B46+1051686]
Ordinal0 [0x002F5B06+1727238]
Ordinal0 [0x002FEB7B+1764219]
Ordinal0 [0x002FECE3+1764579]
Ordinal0 [0x00314C05+1854469]
BaseThreadInitThunk [0x75796739+25]
RtlGetFullPathName_UEx [0x76F68E7F+1215]
RtlGetFullPathName_UEx [0x76F68E4D+1165]
]]>
            </message>
            <full-stacktrace>
              <![CDATA[org.openqa.selenium.SessionNotCreatedException: session not created: This version of ChromeDriver only supports Chrome version 83
Build info: version: '3.141.59', revision: 'e82be7d358', time: '2018-11-14T08:25:53'
System info: host: 'DESKTOP-NPGNVUT', ip: '10.0.0.158', os.name: 'Windows 10', os.arch: 'amd64', os.version: '10.0', java.version: '1.8.0_241'
Driver info: driver.version: ChromeDriver
remote stacktrace: Backtrace:
Ordinal0 [0x003E9563+2725219]
Ordinal0 [0x002E8551+1672529]
Ordinal0 [0x001D0359+525145]
Ordinal0 [0x00160B77+68471]
Ordinal0 [0x0015D32C+54060]
Ordinal0 [0x0017CC37+183351]
Ordinal0 [0x0017CA3D+182845]
Ordinal0 [0x0017A94B+174411]
Ordinal0 [0x00162528+75048]
Ordinal0 [0x001635A0+79264]
Ordinal0 [0x00163539+79161]
Ordinal0 [0x002FD607+1758727]
GetHandleVerifier [0x00506546+1050150]
GetHandleVerifier [0x00506291+1049457]
GetHandleVerifier [0x005110D7+1094071]
GetHandleVerifier [0x00506B46+1051686]
Ordinal0 [0x002F5B06+1727238]
Ordinal0 [0x002FEB7B+1764219]
Ordinal0 [0x002FECE3+1764579]
Ordinal0 [0x00314C05+1854469]
BaseThreadInitThunk [0x75796739+25]
RtlGetFullPathName_UEx [0x76F68E7F+1215]
RtlGetFullPathName_UEx [0x76F68E4D+1165]

at sun.reflect.NativeConstructorAccessorImpl.newInstance0(Native Method)
at sun.reflect.NativeConstructorAccessorImpl.newInstance(NativeConstructorAccessorImpl.java:62)
at sun.reflect.DelegatingConstructorAccessorImpl.newInstance(DelegatingConstructorAccessorImpl.java:45)
at java.lang.reflect.Constructor.newInstance(Constructor.java:423)
at org.openqa.selenium.remote.W3CHandshakeResponse.lambda$errorHandler$0(W3CHandshakeResponse.java:62)
at org.openqa.selenium.remote.HandshakeResponse.lambda$getResponseFunction$0(HandshakeResponse.java:30)
at org.openqa.selenium.remote.ProtocolHandshake.lambda$createSession$0(ProtocolHandshake.java:126)
at java.util.stream.ReferencePipeline$3$1.accept(ReferencePipeline.java:193)
at java.util.Spliterators$ArraySpliterator.tryAdvance(Spliterators.java:958)
at java.util.stream.ReferencePipeline.forEachWithCancel(ReferencePipeline.java:126)
at java.util.stream.AbstractPipeline.copyIntoWithCancel(AbstractPipeline.java:499)
at java.util.stream.AbstractPipeline.copyInto(AbstractPipeline.java:486)
at java.util.stream.AbstractPipeline.wrapAndCopyInto(AbstractPipeline.java:472)
at java.util.stream.FindOps$FindOp.evaluateSequential(FindOps.java:152)
at java.util.stream.AbstractPipeline.evaluate(AbstractPipeline.java:234)
at java.util.stream.ReferencePipeline.findFirst(ReferencePipeline.java:464)
at org.openqa.selenium.remote.ProtocolHandshake.createSession(ProtocolHandshake.java:128)
at org.openqa.selenium.remote.ProtocolHandshake.createSession(ProtocolHandshake.java:74)
at org.openqa.selenium.remote.HttpCommandExecutor.execute(HttpCommandExecutor.java:136)
at org.openqa.selenium.remote.service.DriverCommandExecutor.execute(DriverCommandExecutor.java:83)
at org.openqa.selenium.remote.RemoteWebDriver.execute(RemoteWebDriver.java:552)
at org.openqa.selenium.remote.RemoteWebDriver.startSession(RemoteWebDriver.java:213)
at org.openqa.selenium.remote.RemoteWebDriver.<init>(RemoteWebDriver.java:131)
at org.openqa.selenium.chrome.ChromeDriver.<init>(ChromeDriver.java:181)
at org.openqa.selenium.chrome.ChromeDriver.<init>(ChromeDriver.java:168)
at org.openqa.selenium.chrome.ChromeDriver.<init>(ChromeDriver.java:123)
at seleniumTestNG.TestNG_Assignment_DeleteAcc.openBrowser(TestNG_Assignment_DeleteAcc.java:23)
at sun.reflect.NativeMethodAccessorImpl.invoke0(Native Method)
at sun.reflect.NativeMethodAccessorImpl.invoke(NativeMethodAccessorImpl.java:62)
at sun.reflect.DelegatingMethodAccessorImpl.invoke(DelegatingMethodAccessorImpl.java:43)
at java.lang.reflect.Method.invoke(Method.java:498)
at org.testng.internal.MethodInvocationHelper.invokeMethod(MethodInvocationHelper.java:135)
at org.testng.internal.MethodInvocationHelper.invokeMethodConsideringTimeout(MethodInvocationHelper.java:64)
at org.testng.internal.ConfigInvoker.invokeConfigurationMethod(ConfigInvoker.java:364)
at org.testng.internal.ConfigInvoker.invokeConfigurations(ConfigInvoker.java:318)
at org.testng.internal.TestInvoker.runConfigMethods(TestInvoker.java:700)
at org.testng.internal.TestInvoker.invokeMethod(TestInvoker.java:527)
at org.testng.internal.TestInvoker.invokeTestMethod(TestInvoker.java:174)
at org.testng.internal.MethodRunner.runInSequence(MethodRunner.java:46)
at org.testng.internal.TestInvoker$MethodInvocationAgent.invoke(TestInvoker.java:821)
at org.testng.internal.TestInvoker.invokeTestMethods(TestInvoker.java:147)
at org.testng.internal.TestMethodWorker.invokeTestMethods(TestMethodWorker.java:146)
at org.testng.internal.TestMethodWorker.run(TestMethodWorker.java:128)
at java.util.ArrayList.forEach(ArrayList.java:1257)
at org.testng.TestRunner.privateRun(TestRunner.java:767)
at org.testng.TestRunner.run(TestRunner.java:588)
at org.testng.SuiteRunner.runTest(SuiteRunner.java:384)
at org.testng.SuiteRunner.runSequentially(SuiteRunner.java:378)
at org.testng.SuiteRunner.privateRun(SuiteRunner.java:337)
at org.testng.SuiteRunner.run(SuiteRunner.java:286)
at org.testng.SuiteRunnerWorker.runSuite(SuiteRunnerWorker.java:53)
at org.testng.SuiteRunnerWorker.run(SuiteRunnerWorker.java:96)
at org.testng.TestNG.runSuitesSequentially(TestNG.java:1214)
at org.testng.TestNG.runSuitesLocally(TestNG.java:1136)
at org.testng.TestNG.runSuites(TestNG.java:1066)
at org.testng.TestNG.run(TestNG.java:1034)
at org.testng.remote.AbstractRemoteTestNG.run(AbstractRemoteTestNG.java:115)
at org.testng.remote.RemoteTestNG.initAndRun(RemoteTestNG.java:251)
at org.testng.remote.RemoteTestNG.main(RemoteTestNG.java:77)
]]>
            </full-stacktrace>
          </exception> <!-- org.openqa.selenium.SessionNotCreatedException -->
          <reporter-output>
          </reporter-output>
        </test-method> <!-- account -->
        <test-method status="SKIP" signature="closeBrowser()[pri:0, instance:seleniumTestNG.TestNG_Assignment_DeleteAcc@610694f1]" name="closeBrowser" is-config="true" duration-ms="-1644600656827" started-at="2022-02-11T12:30:56 EST" finished-at="1969-12-31T19:00:00 EST">
          <reporter-output>
          </reporter-output>
        </test-method> <!-- closeBrowser -->
      </class> <!-- seleniumTestNG.TestNG_Assignment_DeleteAcc -->
    </test> <!-- Test -->
  </suite> <!-- Suite -->
</testng-results>
